{"/home/satvik/Desktop/Code/Appdev/postgretest/scrc-messenger/app/index.jsx": {"path":"/home/satvik/Desktop/Code/Appdev/postgretest/scrc-messenger/app/index.jsx","statementMap":{"0":{"start":{"line":12,"column":26},"end":{"line":12,"column":38}},"1":{"start":{"line":13,"column":30},"end":{"line":13,"column":42}},"2":{"start":{"line":14,"column":36},"end":{"line":14,"column":48}},"3":{"start":{"line":15,"column":34},"end":{"line":15,"column":46}},"4":{"start":{"line":16,"column":40},"end":{"line":16,"column":55}},"5":{"start":{"line":17,"column":17},"end":{"line":17,"column":28}},"6":{"start":{"line":18,"column":32},"end":{"line":18,"column":47}},"7":{"start":{"line":19,"column":22},"end":{"line":19,"column":31}},"8":{"start":{"line":20,"column":20},"end":{"line":20,"column":28}},"9":{"start":{"line":21,"column":25},"end":{"line":25,"column":1}},"10":{"start":{"line":28,"column":2},"end":{"line":43,"column":9}},"11":{"start":{"line":30,"column":22},"end":{"line":41,"column":5}},"12":{"start":{"line":31,"column":6},"end":{"line":40,"column":7}},"13":{"start":{"line":32,"column":23},"end":{"line":32,"column":57}},"14":{"start":{"line":33,"column":8},"end":{"line":37,"column":9}},"15":{"start":{"line":34,"column":29},"end":{"line":34,"column":47}},"16":{"start":{"line":35,"column":10},"end":{"line":35,"column":30}},"17":{"start":{"line":36,"column":10},"end":{"line":36,"column":35}},"18":{"start":{"line":39,"column":8},"end":{"line":39,"column":60}},"19":{"start":{"line":42,"column":4},"end":{"line":42,"column":16}},"20":{"start":{"line":46,"column":2},"end":{"line":50,"column":15}},"21":{"start":{"line":47,"column":4},"end":{"line":47,"column":21}},"22":{"start":{"line":48,"column":4},"end":{"line":48,"column":20}},"23":{"start":{"line":49,"column":4},"end":{"line":49,"column":26}},"24":{"start":{"line":52,"column":20},"end":{"line":93,"column":3}},"25":{"start":{"line":54,"column":4},"end":{"line":57,"column":5}},"26":{"start":{"line":55,"column":6},"end":{"line":55,"column":54}},"27":{"start":{"line":56,"column":6},"end":{"line":56,"column":13}},"28":{"start":{"line":59,"column":4},"end":{"line":59,"column":21}},"29":{"start":{"line":60,"column":4},"end":{"line":92,"column":5}},"30":{"start":{"line":62,"column":23},"end":{"line":71,"column":8}},"31":{"start":{"line":73,"column":21},"end":{"line":73,"column":42}},"32":{"start":{"line":75,"column":6},"end":{"line":83,"column":7}},"33":{"start":{"line":77,"column":8},"end":{"line":77,"column":24}},"34":{"start":{"line":78,"column":8},"end":{"line":78,"column":29}},"35":{"start":{"line":81,"column":8},"end":{"line":81,"column":51}},"36":{"start":{"line":82,"column":8},"end":{"line":82,"column":30}},"37":{"start":{"line":86,"column":6},"end":{"line":86,"column":51}},"38":{"start":{"line":87,"column":6},"end":{"line":87,"column":60}},"39":{"start":{"line":88,"column":6},"end":{"line":88,"column":28}},"40":{"start":{"line":91,"column":6},"end":{"line":91,"column":24}},"41":{"start":{"line":95,"column":23},"end":{"line":135,"column":3}},"42":{"start":{"line":97,"column":4},"end":{"line":97,"column":74}},"43":{"start":{"line":97,"column":67},"end":{"line":97,"column":74}},"44":{"start":{"line":99,"column":4},"end":{"line":99,"column":21}},"45":{"start":{"line":100,"column":4},"end":{"line":134,"column":5}},"46":{"start":{"line":102,"column":23},"end":{"line":102,"column":55}},"47":{"start":{"line":104,"column":23},"end":{"line":108,"column":7}},"48":{"start":{"line":110,"column":30},"end":{"line":114,"column":17}},"49":{"start":{"line":117,"column":6},"end":{"line":127,"column":7}},"50":{"start":{"line":118,"column":8},"end":{"line":118,"column":54}},"51":{"start":{"line":119,"column":8},"end":{"line":119,"column":59}},"52":{"start":{"line":122,"column":8},"end":{"line":122,"column":65}},"53":{"start":{"line":123,"column":8},"end":{"line":123,"column":22}},"54":{"start":{"line":124,"column":8},"end":{"line":124,"column":74}},"55":{"start":{"line":126,"column":8},"end":{"line":126,"column":33}},"56":{"start":{"line":130,"column":6},"end":{"line":130,"column":53}},"57":{"start":{"line":131,"column":6},"end":{"line":131,"column":57}},"58":{"start":{"line":133,"column":6},"end":{"line":133,"column":24}},"59":{"start":{"line":138,"column":28},"end":{"line":146,"column":3}},"60":{"start":{"line":139,"column":4},"end":{"line":143,"column":5}},"61":{"start":{"line":140,"column":6},"end":{"line":140,"column":31}},"62":{"start":{"line":141,"column":11},"end":{"line":143,"column":5}},"63":{"start":{"line":142,"column":6},"end":{"line":142,"column":45}},"64":{"start":{"line":145,"column":4},"end":{"line":145,"column":33}},"65":{"start":{"line":149,"column":27},"end":{"line":149,"column":84}},"66":{"start":{"line":151,"column":2},"end":{"line":220,"column":4}},"67":{"start":{"line":166,"column":43},"end":{"line":166,"column":69}},"68":{"start":{"line":177,"column":34},"end":{"line":177,"column":54}}},"fnMap":{"0":{"name":"Index","decl":{"start":{"line":11,"column":24},"end":{"line":11,"column":29}},"loc":{"start":{"line":11,"column":32},"end":{"line":221,"column":1}},"line":11},"1":{"name":"(anonymous_1)","decl":{"start":{"line":28,"column":12},"end":{"line":28,"column":13}},"loc":{"start":{"line":28,"column":18},"end":{"line":43,"column":3}},"line":28},"2":{"name":"(anonymous_2)","decl":{"start":{"line":30,"column":22},"end":{"line":30,"column":23}},"loc":{"start":{"line":30,"column":34},"end":{"line":41,"column":5}},"line":30},"3":{"name":"(anonymous_3)","decl":{"start":{"line":46,"column":12},"end":{"line":46,"column":13}},"loc":{"start":{"line":46,"column":18},"end":{"line":50,"column":3}},"line":46},"4":{"name":"(anonymous_4)","decl":{"start":{"line":52,"column":20},"end":{"line":52,"column":21}},"loc":{"start":{"line":52,"column":32},"end":{"line":93,"column":3}},"line":52},"5":{"name":"(anonymous_5)","decl":{"start":{"line":95,"column":23},"end":{"line":95,"column":24}},"loc":{"start":{"line":95,"column":35},"end":{"line":135,"column":3}},"line":95},"6":{"name":"(anonymous_6)","decl":{"start":{"line":138,"column":28},"end":{"line":138,"column":29}},"loc":{"start":{"line":138,"column":34},"end":{"line":146,"column":3}},"line":138},"7":{"name":"(anonymous_7)","decl":{"start":{"line":166,"column":37},"end":{"line":166,"column":38}},"loc":{"start":{"line":166,"column":43},"end":{"line":166,"column":69}},"line":166},"8":{"name":"(anonymous_8)","decl":{"start":{"line":177,"column":19},"end":{"line":177,"column":20}},"loc":{"start":{"line":177,"column":34},"end":{"line":177,"column":54}},"line":177}},"branchMap":{"0":{"loc":{"start":{"line":33,"column":8},"end":{"line":37,"column":9}},"type":"if","locations":[{"start":{"line":33,"column":8},"end":{"line":37,"column":9}},{"start":{},"end":{}}],"line":33},"1":{"loc":{"start":{"line":54,"column":4},"end":{"line":57,"column":5}},"type":"if","locations":[{"start":{"line":54,"column":4},"end":{"line":57,"column":5}},{"start":{},"end":{}}],"line":54},"2":{"loc":{"start":{"line":54,"column":8},"end":{"line":54,"column":43}},"type":"binary-expr","locations":[{"start":{"line":54,"column":8},"end":{"line":54,"column":25}},{"start":{"line":54,"column":29},"end":{"line":54,"column":43}}],"line":54},"3":{"loc":{"start":{"line":75,"column":6},"end":{"line":83,"column":7}},"type":"if","locations":[{"start":{"line":75,"column":6},"end":{"line":83,"column":7}},{"start":{"line":79,"column":13},"end":{"line":83,"column":7}}],"line":75},"4":{"loc":{"start":{"line":81,"column":20},"end":{"line":81,"column":49}},"type":"binary-expr","locations":[{"start":{"line":81,"column":20},"end":{"line":81,"column":32}},{"start":{"line":81,"column":36},"end":{"line":81,"column":49}}],"line":81},"5":{"loc":{"start":{"line":97,"column":4},"end":{"line":97,"column":74}},"type":"if","locations":[{"start":{"line":97,"column":4},"end":{"line":97,"column":74}},{"start":{},"end":{}}],"line":97},"6":{"loc":{"start":{"line":97,"column":8},"end":{"line":97,"column":65}},"type":"binary-expr","locations":[{"start":{"line":97,"column":8},"end":{"line":97,"column":20}},{"start":{"line":97,"column":24},"end":{"line":97,"column":38}},{"start":{"line":97,"column":42},"end":{"line":97,"column":54}},{"start":{"line":97,"column":58},"end":{"line":97,"column":65}}],"line":97},"7":{"loc":{"start":{"line":117,"column":6},"end":{"line":127,"column":7}},"type":"if","locations":[{"start":{"line":117,"column":6},"end":{"line":127,"column":7}},{"start":{"line":120,"column":13},"end":{"line":127,"column":7}}],"line":117},"8":{"loc":{"start":{"line":139,"column":4},"end":{"line":143,"column":5}},"type":"if","locations":[{"start":{"line":139,"column":4},"end":{"line":143,"column":5}},{"start":{"line":141,"column":11},"end":{"line":143,"column":5}}],"line":139},"9":{"loc":{"start":{"line":141,"column":11},"end":{"line":143,"column":5}},"type":"if","locations":[{"start":{"line":141,"column":11},"end":{"line":143,"column":5}},{"start":{},"end":{}}],"line":141},"10":{"loc":{"start":{"line":141,"column":15},"end":{"line":141,"column":61}},"type":"binary-expr","locations":[{"start":{"line":141,"column":15},"end":{"line":141,"column":36}},{"start":{"line":141,"column":40},"end":{"line":141,"column":61}}],"line":141},"11":{"loc":{"start":{"line":149,"column":27},"end":{"line":149,"column":84}},"type":"binary-expr","locations":[{"start":{"line":149,"column":27},"end":{"line":149,"column":34}},{"start":{"line":149,"column":38},"end":{"line":149,"column":50}},{"start":{"line":149,"column":54},"end":{"line":149,"column":68}},{"start":{"line":149,"column":72},"end":{"line":149,"column":84}}],"line":149},"12":{"loc":{"start":{"line":168,"column":28},"end":{"line":168,"column":52}},"type":"cond-expr","locations":[{"start":{"line":168,"column":37},"end":{"line":168,"column":43}},{"start":{"line":168,"column":46},"end":{"line":168,"column":52}}],"line":168},"13":{"loc":{"start":{"line":169,"column":9},"end":{"line":169,"column":66}},"type":"cond-expr","locations":[{"start":{"line":169,"column":18},"end":{"line":169,"column":40}},{"start":{"line":169,"column":43},"end":{"line":169,"column":66}}],"line":169},"14":{"loc":{"start":{"line":188,"column":7},"end":{"line":210,"column":7}},"type":"binary-expr","locations":[{"start":{"line":188,"column":7},"end":{"line":188,"column":13}},{"start":{"line":189,"column":8},"end":{"line":209,"column":11}}],"line":188},"15":{"loc":{"start":{"line":199,"column":19},"end":{"line":199,"column":58}},"type":"cond-expr","locations":[{"start":{"line":199,"column":29},"end":{"line":199,"column":43}},{"start":{"line":199,"column":46},"end":{"line":199,"column":58}}],"line":199},"16":{"loc":{"start":{"line":201,"column":22},"end":{"line":201,"column":65}},"type":"binary-expr","locations":[{"start":{"line":201,"column":22},"end":{"line":201,"column":29}},{"start":{"line":201,"column":33},"end":{"line":201,"column":50}},{"start":{"line":201,"column":54},"end":{"line":201,"column":65}}],"line":201},"17":{"loc":{"start":{"line":204,"column":11},"end":{"line":205,"column":66}},"type":"cond-expr","locations":[{"start":{"line":205,"column":12},"end":{"line":205,"column":60}},{"start":{"line":205,"column":62},"end":{"line":205,"column":66}}],"line":204},"18":{"loc":{"start":{"line":206,"column":11},"end":{"line":208,"column":28}},"type":"cond-expr","locations":[{"start":{"line":207,"column":22},"end":{"line":207,"column":89}},{"start":{"line":208,"column":24},"end":{"line":208,"column":28}}],"line":206},"19":{"loc":{"start":{"line":214,"column":17},"end":{"line":214,"column":53}},"type":"cond-expr","locations":[{"start":{"line":214,"column":27},"end":{"line":214,"column":42}},{"start":{"line":214,"column":45},"end":{"line":214,"column":53}}],"line":214}},"s":{"0":18,"1":18,"2":18,"3":18,"4":18,"5":18,"6":18,"7":18,"8":18,"9":18,"10":18,"11":4,"12":4,"13":4,"14":4,"15":0,"16":0,"17":0,"18":0,"19":4,"20":18,"21":7,"22":7,"23":7,"24":18,"25":2,"26":0,"27":0,"28":2,"29":2,"30":2,"31":2,"32":2,"33":2,"34":2,"35":0,"36":0,"37":0,"38":0,"39":0,"40":2,"41":18,"42":1,"43":0,"44":1,"45":1,"46":1,"47":1,"48":1,"49":0,"50":0,"51":0,"52":0,"53":0,"54":0,"55":0,"56":0,"57":0,"58":0,"59":18,"60":13,"61":5,"62":8,"63":8,"64":0,"65":18,"66":18,"67":0,"68":3},"f":{"0":18,"1":4,"2":4,"3":7,"4":2,"5":1,"6":13,"7":0,"8":3},"b":{"0":[0,4],"1":[0,2],"2":[2,2],"3":[2,0],"4":[0,0],"5":[0,1],"6":[1,1,1,1],"7":[0,0],"8":[5,8],"9":[8,0],"10":[8,0],"11":[18,15,5,4],"12":[13,5],"13":[13,5],"14":[18,13],"15":[3,10],"16":[13,10,4],"17":[0,13],"18":[3,10],"19":[3,15]},"_coverageSchema":"1a1c01bbd47fc00a2c39e90264f33305004495a9","hash":"e10bd3397c5198648eb76fc98e74d61cfa1cda7e"}
,"/home/satvik/Desktop/Code/Appdev/postgretest/scrc-messenger/app/(home)/admin.jsx": {"path":"/home/satvik/Desktop/Code/Appdev/postgretest/scrc-messenger/app/(home)/admin.jsx","statementMap":{"0":{"start":{"line":6,"column":14},"end":{"line":64,"column":1}},"1":{"start":{"line":7,"column":24},"end":{"line":7,"column":36}},"2":{"start":{"line":8,"column":36},"end":{"line":8,"column":51}},"3":{"start":{"line":10,"column":22},"end":{"line":33,"column":3}},"4":{"start":{"line":11,"column":4},"end":{"line":11,"column":23}},"5":{"start":{"line":12,"column":17},"end":{"line":12,"column":19}},"6":{"start":{"line":13,"column":23},"end":{"line":13,"column":87}},"7":{"start":{"line":15,"column":29},"end":{"line":15,"column":46}},"8":{"start":{"line":16,"column":4},"end":{"line":18,"column":5}},"9":{"start":{"line":16,"column":17},"end":{"line":16,"column":18}},"10":{"start":{"line":17,"column":6},"end":{"line":17,"column":80}},"11":{"start":{"line":19,"column":4},"end":{"line":19,"column":19}},"12":{"start":{"line":22,"column":21},"end":{"line":24,"column":45}},"13":{"start":{"line":26,"column":4},"end":{"line":30,"column":5}},"14":{"start":{"line":27,"column":6},"end":{"line":27,"column":51}},"15":{"start":{"line":29,"column":6},"end":{"line":29,"column":34}},"16":{"start":{"line":32,"column":4},"end":{"line":32,"column":24}},"17":{"start":{"line":35,"column":2},"end":{"line":63,"column":4}},"18":{"start":{"line":57,"column":23},"end":{"line":57,"column":33}}},"fnMap":{"0":{"name":"(anonymous_0)","decl":{"start":{"line":6,"column":14},"end":{"line":6,"column":15}},"loc":{"start":{"line":6,"column":20},"end":{"line":64,"column":1}},"line":6},"1":{"name":"(anonymous_1)","decl":{"start":{"line":10,"column":22},"end":{"line":10,"column":23}},"loc":{"start":{"line":10,"column":34},"end":{"line":33,"column":3}},"line":10},"2":{"name":"(anonymous_2)","decl":{"start":{"line":57,"column":17},"end":{"line":57,"column":18}},"loc":{"start":{"line":57,"column":23},"end":{"line":57,"column":33}},"line":57}},"branchMap":{"0":{"loc":{"start":{"line":26,"column":4},"end":{"line":30,"column":5}},"type":"if","locations":[{"start":{"line":26,"column":4},"end":{"line":30,"column":5}},{"start":{"line":28,"column":11},"end":{"line":30,"column":5}}],"line":26},"1":{"loc":{"start":{"line":40,"column":31},"end":{"line":40,"column":65}},"type":"binary-expr","locations":[{"start":{"line":40,"column":31},"end":{"line":40,"column":40}},{"start":{"line":40,"column":44},"end":{"line":40,"column":65}}],"line":40},"2":{"loc":{"start":{"line":44,"column":9},"end":{"line":48,"column":9}},"type":"cond-expr","locations":[{"start":{"line":45,"column":10},"end":{"line":45,"column":71}},{"start":{"line":47,"column":10},"end":{"line":47,"column":61}}],"line":44},"3":{"loc":{"start":{"line":51,"column":7},"end":{"line":53,"column":14}},"type":"cond-expr","locations":[{"start":{"line":52,"column":8},"end":{"line":52,"column":101}},{"start":{"line":53,"column":10},"end":{"line":53,"column":14}}],"line":51},"4":{"loc":{"start":{"line":56,"column":36},"end":{"line":56,"column":65}},"type":"binary-expr","locations":[{"start":{"line":56,"column":36},"end":{"line":56,"column":40}},{"start":{"line":56,"column":44},"end":{"line":56,"column":65}}],"line":56}},"s":{"0":1,"1":11,"2":11,"3":11,"4":3,"5":3,"6":3,"7":3,"8":3,"9":3,"10":24,"11":3,"12":3,"13":3,"14":0,"15":3,"16":3,"17":11,"18":1},"f":{"0":11,"1":3,"2":1},"b":{"0":[0,3],"1":[11,3],"2":[3,8],"3":[6,5],"4":[11,5]},"_coverageSchema":"1a1c01bbd47fc00a2c39e90264f33305004495a9","hash":"f7b5d89b3ab7cb3b0b0c0d76401d622ef99bb11c"}
,"/home/satvik/Desktop/Code/Appdev/postgretest/scrc-messenger/app/(home)/index.jsx": {"path":"/home/satvik/Desktop/Code/Appdev/postgretest/scrc-messenger/app/(home)/index.jsx","statementMap":{"0":{"start":{"line":9,"column":16},"end":{"line":9,"column":43}},"1":{"start":{"line":11,"column":23},"end":{"line":11,"column":35}},"2":{"start":{"line":14,"column":28},"end":{"line":14,"column":37}},"3":{"start":{"line":15,"column":32},"end":{"line":15,"column":44}},"4":{"start":{"line":16,"column":36},"end":{"line":16,"column":48}},"5":{"start":{"line":17,"column":36},"end":{"line":17,"column":51}},"6":{"start":{"line":20,"column":42},"end":{"line":20,"column":57}},"7":{"start":{"line":21,"column":52},"end":{"line":21,"column":66}},"8":{"start":{"line":22,"column":44},"end":{"line":22,"column":56}},"9":{"start":{"line":23,"column":52},"end":{"line":23,"column":67}},"10":{"start":{"line":24,"column":44},"end":{"line":24,"column":56}},"11":{"start":{"line":25,"column":54},"end":{"line":25,"column":66}},"12":{"start":{"line":28,"column":2},"end":{"line":43,"column":22}},"13":{"start":{"line":29,"column":27},"end":{"line":41,"column":5}},"14":{"start":{"line":30,"column":6},"end":{"line":40,"column":7}},"15":{"start":{"line":31,"column":8},"end":{"line":39,"column":9}},"16":{"start":{"line":32,"column":25},"end":{"line":32,"column":59}},"17":{"start":{"line":33,"column":10},"end":{"line":36,"column":11}},"18":{"start":{"line":34,"column":31},"end":{"line":34,"column":49}},"19":{"start":{"line":35,"column":12},"end":{"line":35,"column":32}},"20":{"start":{"line":38,"column":10},"end":{"line":38,"column":67}},"21":{"start":{"line":42,"column":4},"end":{"line":42,"column":21}},"22":{"start":{"line":46,"column":2},"end":{"line":62,"column":13}},"23":{"start":{"line":47,"column":26},"end":{"line":57,"column":5}},"24":{"start":{"line":48,"column":6},"end":{"line":56,"column":7}},"25":{"start":{"line":49,"column":23},"end":{"line":49,"column":65}},"26":{"start":{"line":50,"column":8},"end":{"line":53,"column":9}},"27":{"start":{"line":51,"column":24},"end":{"line":51,"column":42}},"28":{"start":{"line":52,"column":10},"end":{"line":52,"column":30}},"29":{"start":{"line":55,"column":8},"end":{"line":55,"column":58}},"30":{"start":{"line":59,"column":4},"end":{"line":61,"column":5}},"31":{"start":{"line":60,"column":6},"end":{"line":60,"column":22}},"32":{"start":{"line":65,"column":2},"end":{"line":81,"column":13}},"33":{"start":{"line":66,"column":4},"end":{"line":66,"column":26}},"34":{"start":{"line":66,"column":19},"end":{"line":66,"column":26}},"35":{"start":{"line":68,"column":25},"end":{"line":78,"column":5}},"36":{"start":{"line":69,"column":6},"end":{"line":77,"column":7}},"37":{"start":{"line":70,"column":32},"end":{"line":72,"column":22}},"38":{"start":{"line":74,"column":8},"end":{"line":74,"column":32}},"39":{"start":{"line":76,"column":8},"end":{"line":76,"column":56}},"40":{"start":{"line":80,"column":4},"end":{"line":80,"column":19}},"41":{"start":{"line":82,"column":0},"end":{"line":112,"column":15}},"42":{"start":{"line":83,"column":2},"end":{"line":83,"column":24}},"43":{"start":{"line":83,"column":17},"end":{"line":83,"column":24}},"44":{"start":{"line":84,"column":2},"end":{"line":84,"column":65}},"45":{"start":{"line":86,"column":18},"end":{"line":106,"column":6}},"46":{"start":{"line":97,"column":8},"end":{"line":100,"column":9}},"47":{"start":{"line":98,"column":10},"end":{"line":98,"column":78}},"48":{"start":{"line":99,"column":10},"end":{"line":99,"column":62}},"49":{"start":{"line":104,"column":6},"end":{"line":104,"column":57}},"50":{"start":{"line":104,"column":15},"end":{"line":104,"column":57}},"51":{"start":{"line":105,"column":6},"end":{"line":105,"column":45}},"52":{"start":{"line":108,"column":2},"end":{"line":111,"column":4}},"53":{"start":{"line":109,"column":4},"end":{"line":109,"column":46}},"54":{"start":{"line":110,"column":4},"end":{"line":110,"column":26}},"55":{"start":{"line":115,"column":24},"end":{"line":122,"column":3}},"56":{"start":{"line":116,"column":4},"end":{"line":121,"column":5}},"57":{"start":{"line":117,"column":6},"end":{"line":117,"column":72}},"58":{"start":{"line":118,"column":6},"end":{"line":118,"column":26}},"59":{"start":{"line":120,"column":6},"end":{"line":120,"column":55}},"60":{"start":{"line":124,"column":25},"end":{"line":144,"column":1}},"61":{"start":{"line":125,"column":2},"end":{"line":143,"column":3}},"62":{"start":{"line":126,"column":4},"end":{"line":126,"column":68}},"63":{"start":{"line":127,"column":19},"end":{"line":127,"column":61}},"64":{"start":{"line":129,"column":4},"end":{"line":140,"column":5}},"65":{"start":{"line":130,"column":20},"end":{"line":130,"column":38}},"66":{"start":{"line":133,"column":27},"end":{"line":137,"column":7}},"67":{"start":{"line":134,"column":8},"end":{"line":136,"column":16}},"68":{"start":{"line":138,"column":6},"end":{"line":138,"column":40}},"69":{"start":{"line":139,"column":6},"end":{"line":139,"column":33}},"70":{"start":{"line":142,"column":4},"end":{"line":142,"column":56}},"71":{"start":{"line":146,"column":24},"end":{"line":150,"column":3}},"72":{"start":{"line":147,"column":4},"end":{"line":147,"column":36}},"73":{"start":{"line":148,"column":4},"end":{"line":148,"column":41}},"74":{"start":{"line":149,"column":4},"end":{"line":149,"column":26}},"75":{"start":{"line":152,"column":27},"end":{"line":156,"column":1}},"76":{"start":{"line":153,"column":2},"end":{"line":153,"column":26}},"77":{"start":{"line":154,"column":2},"end":{"line":154,"column":57}},"78":{"start":{"line":155,"column":2},"end":{"line":155,"column":29}},"79":{"start":{"line":159,"column":22},"end":{"line":176,"column":1}},"80":{"start":{"line":160,"column":2},"end":{"line":175,"column":3}},"81":{"start":{"line":161,"column":5},"end":{"line":161,"column":24}},"82":{"start":{"line":162,"column":4},"end":{"line":166,"column":7}},"83":{"start":{"line":167,"column":4},"end":{"line":167,"column":35}},"84":{"start":{"line":168,"column":4},"end":{"line":168,"column":32}},"85":{"start":{"line":169,"column":4},"end":{"line":169,"column":59}},"86":{"start":{"line":171,"column":4},"end":{"line":171,"column":54}},"87":{"start":{"line":172,"column":4},"end":{"line":172,"column":73}},"88":{"start":{"line":174,"column":4},"end":{"line":174,"column":24}},"89":{"start":{"line":179,"column":17},"end":{"line":229,"column":1}},"90":{"start":{"line":180,"column":2},"end":{"line":180,"column":46}},"91":{"start":{"line":180,"column":39},"end":{"line":180,"column":46}},"92":{"start":{"line":182,"column":18},"end":{"line":182,"column":60}},"93":{"start":{"line":184,"column":2},"end":{"line":228,"column":3}},"94":{"start":{"line":185,"column":4},"end":{"line":185,"column":23}},"95":{"start":{"line":186,"column":21},"end":{"line":195,"column":6}},"96":{"start":{"line":197,"column":4},"end":{"line":199,"column":5}},"97":{"start":{"line":198,"column":6},"end":{"line":198,"column":45}},"98":{"start":{"line":201,"column":19},"end":{"line":201,"column":40}},"99":{"start":{"line":204,"column":20},"end":{"line":211,"column":5}},"100":{"start":{"line":216,"column":25},"end":{"line":216,"column":48}},"101":{"start":{"line":217,"column":4},"end":{"line":217,"column":38}},"102":{"start":{"line":218,"column":4},"end":{"line":218,"column":31}},"103":{"start":{"line":220,"column":4},"end":{"line":220,"column":27}},"104":{"start":{"line":221,"column":4},"end":{"line":221,"column":29}},"105":{"start":{"line":222,"column":4},"end":{"line":222,"column":70}},"106":{"start":{"line":224,"column":4},"end":{"line":224,"column":41}},"107":{"start":{"line":225,"column":4},"end":{"line":225,"column":67}},"108":{"start":{"line":227,"column":4},"end":{"line":227,"column":24}},"109":{"start":{"line":232,"column":24},"end":{"line":239,"column":3}},"110":{"start":{"line":233,"column":4},"end":{"line":238,"column":5}},"111":{"start":{"line":234,"column":6},"end":{"line":234,"column":52}},"112":{"start":{"line":235,"column":6},"end":{"line":235,"column":23}},"113":{"start":{"line":237,"column":6},"end":{"line":237,"column":52}},"114":{"start":{"line":242,"column":24},"end":{"line":248,"column":3}},"115":{"start":{"line":243,"column":4},"end":{"line":247,"column":5}},"116":{"start":{"line":244,"column":19},"end":{"line":244,"column":67}},"117":{"start":{"line":245,"column":19},"end":{"line":245,"column":68}},"118":{"start":{"line":246,"column":15},"end":{"line":246,"column":27}},"119":{"start":{"line":250,"column":2},"end":{"line":256,"column":3}},"120":{"start":{"line":251,"column":4},"end":{"line":255,"column":6}},"121":{"start":{"line":258,"column":2},"end":{"line":412,"column":4}},"122":{"start":{"line":267,"column":48},"end":{"line":267,"column":78}},"123":{"start":{"line":270,"column":48},"end":{"line":270,"column":78}},"124":{"start":{"line":278,"column":12},"end":{"line":287,"column":19}},"125":{"start":{"line":285,"column":31},"end":{"line":285,"column":52}},"126":{"start":{"line":301,"column":12},"end":{"line":314,"column":19}},"127":{"start":{"line":324,"column":30},"end":{"line":324,"column":52}},"128":{"start":{"line":348,"column":31},"end":{"line":348,"column":53}},"129":{"start":{"line":371,"column":24},"end":{"line":371,"column":51}},"130":{"start":{"line":395,"column":25},"end":{"line":395,"column":52}},"131":{"start":{"line":402,"column":25},"end":{"line":402,"column":73}}},"fnMap":{"0":{"name":"Index","decl":{"start":{"line":13,"column":24},"end":{"line":13,"column":29}},"loc":{"start":{"line":13,"column":32},"end":{"line":413,"column":1}},"line":13},"1":{"name":"(anonymous_1)","decl":{"start":{"line":28,"column":12},"end":{"line":28,"column":13}},"loc":{"start":{"line":28,"column":18},"end":{"line":43,"column":3}},"line":28},"2":{"name":"(anonymous_2)","decl":{"start":{"line":29,"column":27},"end":{"line":29,"column":28}},"loc":{"start":{"line":29,"column":39},"end":{"line":41,"column":5}},"line":29},"3":{"name":"(anonymous_3)","decl":{"start":{"line":46,"column":12},"end":{"line":46,"column":13}},"loc":{"start":{"line":46,"column":18},"end":{"line":62,"column":3}},"line":46},"4":{"name":"(anonymous_4)","decl":{"start":{"line":47,"column":26},"end":{"line":47,"column":27}},"loc":{"start":{"line":47,"column":38},"end":{"line":57,"column":5}},"line":47},"5":{"name":"(anonymous_5)","decl":{"start":{"line":65,"column":12},"end":{"line":65,"column":13}},"loc":{"start":{"line":65,"column":18},"end":{"line":81,"column":3}},"line":65},"6":{"name":"(anonymous_6)","decl":{"start":{"line":68,"column":25},"end":{"line":68,"column":26}},"loc":{"start":{"line":68,"column":37},"end":{"line":78,"column":5}},"line":68},"7":{"name":"(anonymous_7)","decl":{"start":{"line":82,"column":10},"end":{"line":82,"column":11}},"loc":{"start":{"line":82,"column":16},"end":{"line":112,"column":1}},"line":82},"8":{"name":"(anonymous_8)","decl":{"start":{"line":96,"column":6},"end":{"line":96,"column":7}},"loc":{"start":{"line":96,"column":19},"end":{"line":101,"column":7}},"line":96},"9":{"name":"(anonymous_9)","decl":{"start":{"line":103,"column":15},"end":{"line":103,"column":16}},"loc":{"start":{"line":103,"column":32},"end":{"line":106,"column":5}},"line":103},"10":{"name":"(anonymous_10)","decl":{"start":{"line":108,"column":9},"end":{"line":108,"column":10}},"loc":{"start":{"line":108,"column":15},"end":{"line":111,"column":3}},"line":108},"11":{"name":"(anonymous_11)","decl":{"start":{"line":115,"column":24},"end":{"line":115,"column":25}},"loc":{"start":{"line":115,"column":41},"end":{"line":122,"column":3}},"line":115},"12":{"name":"(anonymous_12)","decl":{"start":{"line":124,"column":25},"end":{"line":124,"column":26}},"loc":{"start":{"line":124,"column":59},"end":{"line":144,"column":1}},"line":124},"13":{"name":"(anonymous_13)","decl":{"start":{"line":133,"column":37},"end":{"line":133,"column":38}},"loc":{"start":{"line":134,"column":8},"end":{"line":136,"column":16}},"line":134},"14":{"name":"(anonymous_14)","decl":{"start":{"line":146,"column":24},"end":{"line":146,"column":25}},"loc":{"start":{"line":146,"column":39},"end":{"line":150,"column":3}},"line":146},"15":{"name":"(anonymous_15)","decl":{"start":{"line":152,"column":27},"end":{"line":152,"column":28}},"loc":{"start":{"line":152,"column":38},"end":{"line":156,"column":1}},"line":152},"16":{"name":"(anonymous_16)","decl":{"start":{"line":159,"column":22},"end":{"line":159,"column":23}},"loc":{"start":{"line":159,"column":48},"end":{"line":176,"column":1}},"line":159},"17":{"name":"(anonymous_17)","decl":{"start":{"line":179,"column":17},"end":{"line":179,"column":18}},"loc":{"start":{"line":179,"column":29},"end":{"line":229,"column":1}},"line":179},"18":{"name":"(anonymous_18)","decl":{"start":{"line":232,"column":24},"end":{"line":232,"column":25}},"loc":{"start":{"line":232,"column":36},"end":{"line":239,"column":3}},"line":232},"19":{"name":"(anonymous_19)","decl":{"start":{"line":242,"column":24},"end":{"line":242,"column":25}},"loc":{"start":{"line":242,"column":36},"end":{"line":248,"column":3}},"line":242},"20":{"name":"(anonymous_20)","decl":{"start":{"line":267,"column":42},"end":{"line":267,"column":43}},"loc":{"start":{"line":267,"column":48},"end":{"line":267,"column":78}},"line":267},"21":{"name":"(anonymous_21)","decl":{"start":{"line":270,"column":42},"end":{"line":270,"column":43}},"loc":{"start":{"line":270,"column":48},"end":{"line":270,"column":78}},"line":270},"22":{"name":"(anonymous_22)","decl":{"start":{"line":277,"column":22},"end":{"line":277,"column":23}},"loc":{"start":{"line":278,"column":12},"end":{"line":287,"column":19}},"line":278},"23":{"name":"(anonymous_23)","decl":{"start":{"line":285,"column":25},"end":{"line":285,"column":26}},"loc":{"start":{"line":285,"column":31},"end":{"line":285,"column":52}},"line":285},"24":{"name":"(anonymous_24)","decl":{"start":{"line":300,"column":25},"end":{"line":300,"column":26}},"loc":{"start":{"line":301,"column":12},"end":{"line":314,"column":19}},"line":301},"25":{"name":"(anonymous_25)","decl":{"start":{"line":324,"column":24},"end":{"line":324,"column":25}},"loc":{"start":{"line":324,"column":30},"end":{"line":324,"column":52}},"line":324},"26":{"name":"(anonymous_26)","decl":{"start":{"line":348,"column":25},"end":{"line":348,"column":26}},"loc":{"start":{"line":348,"column":31},"end":{"line":348,"column":53}},"line":348},"27":{"name":"(anonymous_27)","decl":{"start":{"line":371,"column":18},"end":{"line":371,"column":19}},"loc":{"start":{"line":371,"column":24},"end":{"line":371,"column":51}},"line":371},"28":{"name":"(anonymous_28)","decl":{"start":{"line":395,"column":19},"end":{"line":395,"column":20}},"loc":{"start":{"line":395,"column":25},"end":{"line":395,"column":52}},"line":395},"29":{"name":"(anonymous_29)","decl":{"start":{"line":402,"column":19},"end":{"line":402,"column":20}},"loc":{"start":{"line":402,"column":25},"end":{"line":402,"column":73}},"line":402}},"branchMap":{"0":{"loc":{"start":{"line":30,"column":6},"end":{"line":40,"column":7}},"type":"if","locations":[{"start":{"line":30,"column":6},"end":{"line":40,"column":7}},{"start":{},"end":{}}],"line":30},"1":{"loc":{"start":{"line":33,"column":10},"end":{"line":36,"column":11}},"type":"if","locations":[{"start":{"line":33,"column":10},"end":{"line":36,"column":11}},{"start":{},"end":{}}],"line":33},"2":{"loc":{"start":{"line":50,"column":8},"end":{"line":53,"column":9}},"type":"if","locations":[{"start":{"line":50,"column":8},"end":{"line":53,"column":9}},{"start":{},"end":{}}],"line":50},"3":{"loc":{"start":{"line":59,"column":4},"end":{"line":61,"column":5}},"type":"if","locations":[{"start":{"line":59,"column":4},"end":{"line":61,"column":5}},{"start":{},"end":{}}],"line":59},"4":{"loc":{"start":{"line":66,"column":4},"end":{"line":66,"column":26}},"type":"if","locations":[{"start":{"line":66,"column":4},"end":{"line":66,"column":26}},{"start":{},"end":{}}],"line":66},"5":{"loc":{"start":{"line":74,"column":19},"end":{"line":74,"column":30}},"type":"binary-expr","locations":[{"start":{"line":74,"column":19},"end":{"line":74,"column":24}},{"start":{"line":74,"column":28},"end":{"line":74,"column":30}}],"line":74},"6":{"loc":{"start":{"line":83,"column":2},"end":{"line":83,"column":24}},"type":"if","locations":[{"start":{"line":83,"column":2},"end":{"line":83,"column":24}},{"start":{},"end":{}}],"line":83},"7":{"loc":{"start":{"line":97,"column":8},"end":{"line":100,"column":9}},"type":"if","locations":[{"start":{"line":97,"column":8},"end":{"line":100,"column":9}},{"start":{},"end":{}}],"line":97},"8":{"loc":{"start":{"line":104,"column":6},"end":{"line":104,"column":57}},"type":"if","locations":[{"start":{"line":104,"column":6},"end":{"line":104,"column":57}},{"start":{},"end":{}}],"line":104},"9":{"loc":{"start":{"line":129,"column":4},"end":{"line":140,"column":5}},"type":"if","locations":[{"start":{"line":129,"column":4},"end":{"line":140,"column":5}},{"start":{},"end":{}}],"line":129},"10":{"loc":{"start":{"line":134,"column":8},"end":{"line":136,"column":16}},"type":"cond-expr","locations":[{"start":{"line":135,"column":12},"end":{"line":135,"column":31}},{"start":{"line":136,"column":12},"end":{"line":136,"column":16}}],"line":134},"11":{"loc":{"start":{"line":180,"column":2},"end":{"line":180,"column":46}},"type":"if","locations":[{"start":{"line":180,"column":2},"end":{"line":180,"column":46}},{"start":{},"end":{}}],"line":180},"12":{"loc":{"start":{"line":180,"column":6},"end":{"line":180,"column":37}},"type":"binary-expr","locations":[{"start":{"line":180,"column":6},"end":{"line":180,"column":15}},{"start":{"line":180,"column":19},"end":{"line":180,"column":37}}],"line":180},"13":{"loc":{"start":{"line":182,"column":18},"end":{"line":182,"column":60}},"type":"binary-expr","locations":[{"start":{"line":182,"column":18},"end":{"line":182,"column":38}},{"start":{"line":182,"column":42},"end":{"line":182,"column":60}}],"line":182},"14":{"loc":{"start":{"line":197,"column":4},"end":{"line":199,"column":5}},"type":"if","locations":[{"start":{"line":197,"column":4},"end":{"line":199,"column":5}},{"start":{},"end":{}}],"line":197},"15":{"loc":{"start":{"line":243,"column":4},"end":{"line":247,"column":5}},"type":"switch","locations":[{"start":{"line":244,"column":6},"end":{"line":244,"column":67}},{"start":{"line":245,"column":6},"end":{"line":245,"column":68}},{"start":{"line":246,"column":6},"end":{"line":246,"column":27}}],"line":243},"16":{"loc":{"start":{"line":250,"column":2},"end":{"line":256,"column":3}},"type":"if","locations":[{"start":{"line":250,"column":2},"end":{"line":256,"column":3}},{"start":{},"end":{}}],"line":250},"17":{"loc":{"start":{"line":273,"column":9},"end":{"line":288,"column":11}},"type":"cond-expr","locations":[{"start":{"line":274,"column":10},"end":{"line":274,"column":33}},{"start":{"line":277,"column":10},"end":{"line":288,"column":10}}],"line":273},"18":{"loc":{"start":{"line":292,"column":7},"end":{"line":317,"column":7}},"type":"binary-expr","locations":[{"start":{"line":292,"column":7},"end":{"line":292,"column":27}},{"start":{"line":293,"column":8},"end":{"line":316,"column":15}}],"line":292},"19":{"loc":{"start":{"line":354,"column":63},"end":{"line":354,"column":97}},"type":"binary-expr","locations":[{"start":{"line":354,"column":63},"end":{"line":354,"column":72}},{"start":{"line":354,"column":76},"end":{"line":354,"column":97}}],"line":354},"20":{"loc":{"start":{"line":401,"column":57},"end":{"line":401,"column":91}},"type":"binary-expr","locations":[{"start":{"line":401,"column":57},"end":{"line":401,"column":66}},{"start":{"line":401,"column":70},"end":{"line":401,"column":91}}],"line":401}},"s":{"0":1,"1":1,"2":114,"3":114,"4":114,"5":114,"6":114,"7":114,"8":114,"9":114,"10":114,"11":114,"12":114,"13":40,"14":40,"15":4,"16":4,"17":3,"18":3,"19":3,"20":1,"21":40,"22":114,"23":40,"24":36,"25":36,"26":35,"27":35,"28":35,"29":1,"30":40,"31":36,"32":114,"33":40,"34":4,"35":36,"36":36,"37":36,"38":35,"39":1,"40":36,"41":114,"42":40,"43":4,"44":36,"45":36,"46":1,"47":1,"48":1,"49":36,"50":0,"51":36,"52":36,"53":36,"54":36,"55":114,"56":5,"57":5,"58":5,"59":0,"60":114,"61":1,"62":1,"63":1,"64":1,"65":1,"66":1,"67":2,"68":1,"69":1,"70":0,"71":114,"72":10,"73":10,"74":10,"75":114,"76":8,"77":8,"78":8,"79":114,"80":3,"81":3,"82":3,"83":2,"84":2,"85":2,"86":1,"87":1,"88":3,"89":114,"90":5,"91":0,"92":5,"93":5,"94":5,"95":5,"96":4,"97":0,"98":4,"99":4,"100":4,"101":4,"102":4,"103":4,"104":4,"105":4,"106":1,"107":1,"108":5,"109":114,"110":2,"111":2,"112":1,"113":1,"114":114,"115":117,"116":58,"117":58,"118":1,"119":114,"120":4,"121":110,"122":7,"123":1,"124":177,"125":10,"126":117,"127":0,"128":1,"129":0,"130":1,"131":3},"f":{"0":114,"1":40,"2":40,"3":40,"4":36,"5":40,"6":36,"7":40,"8":1,"9":36,"10":36,"11":5,"12":1,"13":2,"14":10,"15":8,"16":3,"17":5,"18":2,"19":117,"20":7,"21":1,"22":177,"23":10,"24":117,"25":0,"26":1,"27":0,"28":1,"29":3},"b":{"0":[4,36],"1":[3,0],"2":[35,0],"3":[36,4],"4":[4,36],"5":[35,0],"6":[4,36],"7":[1,0],"8":[0,36],"9":[1,0],"10":[1,1],"11":[0,5],"12":[5,5],"13":[5,1],"14":[0,4],"15":[58,58,1],"16":[4,110],"17":[51,59],"18":[110,58],"19":[110,8],"20":[110,8]},"_coverageSchema":"1a1c01bbd47fc00a2c39e90264f33305004495a9","hash":"004730418c71dafea62ca37e5fb2e86e95795c06"}
,"/home/satvik/Desktop/Code/Appdev/postgretest/scrc-messenger/app/(home)/messenger.jsx": {"path":"/home/satvik/Desktop/Code/Appdev/postgretest/scrc-messenger/app/(home)/messenger.jsx","statementMap":{"0":{"start":{"line":7,"column":28},"end":{"line":7,"column":60}},"1":{"start":{"line":9,"column":18},"end":{"line":212,"column":1}},"2":{"start":{"line":10,"column":36},"end":{"line":10,"column":60}},"3":{"start":{"line":11,"column":50},"end":{"line":11,"column":62}},"4":{"start":{"line":12,"column":50},"end":{"line":12,"column":62}},"5":{"start":{"line":13,"column":28},"end":{"line":13,"column":54}},"6":{"start":{"line":14,"column":32},"end":{"line":14,"column":44}},"7":{"start":{"line":16,"column":25},"end":{"line":16,"column":88}},"8":{"start":{"line":16,"column":31},"end":{"line":16,"column":88}},"9":{"start":{"line":16,"column":53},"end":{"line":16,"column":82}},"10":{"start":{"line":18,"column":24},"end":{"line":39,"column":3}},"11":{"start":{"line":19,"column":16},"end":{"line":19,"column":32}},"12":{"start":{"line":20,"column":4},"end":{"line":20,"column":76}},"13":{"start":{"line":20,"column":14},"end":{"line":20,"column":76}},"14":{"start":{"line":22,"column":4},"end":{"line":38,"column":5}},"15":{"start":{"line":23,"column":23},"end":{"line":27,"column":8}},"16":{"start":{"line":29,"column":6},"end":{"line":34,"column":7}},"17":{"start":{"line":30,"column":8},"end":{"line":30,"column":61}},"18":{"start":{"line":31,"column":8},"end":{"line":31,"column":26}},"19":{"start":{"line":33,"column":8},"end":{"line":33,"column":69}},"20":{"start":{"line":36,"column":6},"end":{"line":36,"column":25}},"21":{"start":{"line":37,"column":6},"end":{"line":37,"column":53}},"22":{"start":{"line":41,"column":22},"end":{"line":48,"column":3}},"23":{"start":{"line":42,"column":4},"end":{"line":47,"column":5}},"24":{"start":{"line":43,"column":6},"end":{"line":43,"column":30}},"25":{"start":{"line":44,"column":6},"end":{"line":44,"column":33}},"26":{"start":{"line":45,"column":11},"end":{"line":47,"column":5}},"27":{"start":{"line":46,"column":6},"end":{"line":46,"column":21}},"28":{"start":{"line":50,"column":33},"end":{"line":73,"column":3}},"29":{"start":{"line":51,"column":4},"end":{"line":72,"column":11}},"30":{"start":{"line":54,"column":8},"end":{"line":70,"column":27}},"31":{"start":{"line":60,"column":25},"end":{"line":60,"column":50}},"32":{"start":{"line":75,"column":20},"end":{"line":90,"column":3}},"33":{"start":{"line":76,"column":4},"end":{"line":89,"column":6}},"34":{"start":{"line":82,"column":8},"end":{"line":86,"column":9}},"35":{"start":{"line":83,"column":26},"end":{"line":83,"column":36}},"36":{"start":{"line":84,"column":10},"end":{"line":84,"column":32}},"37":{"start":{"line":85,"column":10},"end":{"line":85,"column":28}},"38":{"start":{"line":92,"column":32},"end":{"line":142,"column":3}},"39":{"start":{"line":93,"column":4},"end":{"line":141,"column":17}},"40":{"start":{"line":112,"column":14},"end":{"line":113,"column":93}},"41":{"start":{"line":113,"column":16},"end":{"line":113,"column":93}},"42":{"start":{"line":114,"column":14},"end":{"line":114,"column":63}},"43":{"start":{"line":123,"column":33},"end":{"line":123,"column":64}},"44":{"start":{"line":128,"column":14},"end":{"line":129,"column":77}},"45":{"start":{"line":128,"column":59},"end":{"line":128,"column":77}},"46":{"start":{"line":129,"column":16},"end":{"line":129,"column":77}},"47":{"start":{"line":130,"column":30},"end":{"line":130,"column":32}},"48":{"start":{"line":131,"column":14},"end":{"line":133,"column":17}},"49":{"start":{"line":132,"column":16},"end":{"line":132,"column":84}},"50":{"start":{"line":132,"column":33},"end":{"line":132,"column":84}},"51":{"start":{"line":134,"column":14},"end":{"line":134,"column":44}},"52":{"start":{"line":144,"column":30},"end":{"line":187,"column":3}},"53":{"start":{"line":145,"column":4},"end":{"line":186,"column":17}},"54":{"start":{"line":164,"column":14},"end":{"line":170,"column":33}},"55":{"start":{"line":167,"column":31},"end":{"line":167,"column":46}},"56":{"start":{"line":177,"column":14},"end":{"line":178,"column":92}},"57":{"start":{"line":178,"column":16},"end":{"line":178,"column":92}},"58":{"start":{"line":179,"column":14},"end":{"line":179,"column":61}},"59":{"start":{"line":189,"column":2},"end":{"line":211,"column":4}},"60":{"start":{"line":197,"column":10},"end":{"line":205,"column":29}},"61":{"start":{"line":200,"column":27},"end":{"line":200,"column":44}}},"fnMap":{"0":{"name":"(anonymous_0)","decl":{"start":{"line":9,"column":18},"end":{"line":9,"column":19}},"loc":{"start":{"line":9,"column":24},"end":{"line":212,"column":1}},"line":9},"1":{"name":"(anonymous_1)","decl":{"start":{"line":16,"column":25},"end":{"line":16,"column":26}},"loc":{"start":{"line":16,"column":31},"end":{"line":16,"column":88}},"line":16},"2":{"name":"(anonymous_2)","decl":{"start":{"line":16,"column":46},"end":{"line":16,"column":47}},"loc":{"start":{"line":16,"column":53},"end":{"line":16,"column":82}},"line":16},"3":{"name":"(anonymous_3)","decl":{"start":{"line":18,"column":24},"end":{"line":18,"column":25}},"loc":{"start":{"line":18,"column":46},"end":{"line":39,"column":3}},"line":18},"4":{"name":"(anonymous_4)","decl":{"start":{"line":41,"column":22},"end":{"line":41,"column":23}},"loc":{"start":{"line":41,"column":32},"end":{"line":48,"column":3}},"line":41},"5":{"name":"(anonymous_5)","decl":{"start":{"line":50,"column":33},"end":{"line":50,"column":34}},"loc":{"start":{"line":51,"column":4},"end":{"line":72,"column":11}},"line":51},"6":{"name":"(anonymous_6)","decl":{"start":{"line":53,"column":21},"end":{"line":53,"column":22}},"loc":{"start":{"line":54,"column":8},"end":{"line":70,"column":27}},"line":54},"7":{"name":"(anonymous_7)","decl":{"start":{"line":60,"column":19},"end":{"line":60,"column":20}},"loc":{"start":{"line":60,"column":25},"end":{"line":60,"column":50}},"line":60},"8":{"name":"(anonymous_8)","decl":{"start":{"line":75,"column":20},"end":{"line":75,"column":21}},"loc":{"start":{"line":76,"column":4},"end":{"line":89,"column":6}},"line":76},"9":{"name":"(anonymous_9)","decl":{"start":{"line":81,"column":20},"end":{"line":81,"column":21}},"loc":{"start":{"line":81,"column":28},"end":{"line":87,"column":7}},"line":81},"10":{"name":"(anonymous_10)","decl":{"start":{"line":92,"column":32},"end":{"line":92,"column":33}},"loc":{"start":{"line":93,"column":4},"end":{"line":141,"column":17}},"line":93},"11":{"name":"(anonymous_11)","decl":{"start":{"line":111,"column":21},"end":{"line":111,"column":22}},"loc":{"start":{"line":111,"column":27},"end":{"line":115,"column":13}},"line":111},"12":{"name":"(anonymous_12)","decl":{"start":{"line":123,"column":28},"end":{"line":123,"column":29}},"loc":{"start":{"line":123,"column":33},"end":{"line":123,"column":64}},"line":123},"13":{"name":"(anonymous_13)","decl":{"start":{"line":127,"column":21},"end":{"line":127,"column":22}},"loc":{"start":{"line":127,"column":27},"end":{"line":135,"column":13}},"line":127},"14":{"name":"(anonymous_14)","decl":{"start":{"line":128,"column":51},"end":{"line":128,"column":52}},"loc":{"start":{"line":128,"column":59},"end":{"line":128,"column":77}},"line":128},"15":{"name":"(anonymous_15)","decl":{"start":{"line":131,"column":28},"end":{"line":131,"column":29}},"loc":{"start":{"line":131,"column":41},"end":{"line":133,"column":15}},"line":131},"16":{"name":"(anonymous_16)","decl":{"start":{"line":144,"column":30},"end":{"line":144,"column":31}},"loc":{"start":{"line":145,"column":4},"end":{"line":186,"column":17}},"line":145},"17":{"name":"(anonymous_17)","decl":{"start":{"line":163,"column":37},"end":{"line":163,"column":38}},"loc":{"start":{"line":164,"column":14},"end":{"line":170,"column":33}},"line":164},"18":{"name":"(anonymous_18)","decl":{"start":{"line":167,"column":25},"end":{"line":167,"column":26}},"loc":{"start":{"line":167,"column":31},"end":{"line":167,"column":46}},"line":167},"19":{"name":"(anonymous_19)","decl":{"start":{"line":176,"column":21},"end":{"line":176,"column":22}},"loc":{"start":{"line":176,"column":27},"end":{"line":180,"column":13}},"line":176},"20":{"name":"(anonymous_20)","decl":{"start":{"line":196,"column":44},"end":{"line":196,"column":45}},"loc":{"start":{"line":197,"column":10},"end":{"line":205,"column":29}},"line":197},"21":{"name":"(anonymous_21)","decl":{"start":{"line":200,"column":21},"end":{"line":200,"column":22}},"loc":{"start":{"line":200,"column":27},"end":{"line":200,"column":44}},"line":200}},"branchMap":{"0":{"loc":{"start":{"line":20,"column":4},"end":{"line":20,"column":76}},"type":"if","locations":[{"start":{"line":20,"column":4},"end":{"line":20,"column":76}},{"start":{},"end":{}}],"line":20},"1":{"loc":{"start":{"line":29,"column":6},"end":{"line":34,"column":7}},"type":"if","locations":[{"start":{"line":29,"column":6},"end":{"line":34,"column":7}},{"start":{"line":32,"column":13},"end":{"line":34,"column":7}}],"line":29},"2":{"loc":{"start":{"line":42,"column":4},"end":{"line":47,"column":5}},"type":"if","locations":[{"start":{"line":42,"column":4},"end":{"line":47,"column":5}},{"start":{"line":45,"column":11},"end":{"line":47,"column":5}}],"line":42},"3":{"loc":{"start":{"line":45,"column":11},"end":{"line":47,"column":5}},"type":"if","locations":[{"start":{"line":45,"column":11},"end":{"line":47,"column":5}},{"start":{},"end":{}}],"line":45},"4":{"loc":{"start":{"line":58,"column":12},"end":{"line":58,"column":64}},"type":"binary-expr","locations":[{"start":{"line":58,"column":12},"end":{"line":58,"column":37}},{"start":{"line":58,"column":41},"end":{"line":58,"column":64}}],"line":58},"5":{"loc":{"start":{"line":65,"column":14},"end":{"line":65,"column":70}},"type":"binary-expr","locations":[{"start":{"line":65,"column":14},"end":{"line":65,"column":39}},{"start":{"line":65,"column":43},"end":{"line":65,"column":70}}],"line":65},"6":{"loc":{"start":{"line":82,"column":8},"end":{"line":86,"column":9}},"type":"if","locations":[{"start":{"line":82,"column":8},"end":{"line":86,"column":9}},{"start":{},"end":{}}],"line":82},"7":{"loc":{"start":{"line":112,"column":14},"end":{"line":113,"column":93}},"type":"if","locations":[{"start":{"line":112,"column":14},"end":{"line":113,"column":93}},{"start":{},"end":{}}],"line":112},"8":{"loc":{"start":{"line":112,"column":18},"end":{"line":112,"column":56}},"type":"binary-expr","locations":[{"start":{"line":112,"column":18},"end":{"line":112,"column":35}},{"start":{"line":112,"column":39},"end":{"line":112,"column":56}}],"line":112},"9":{"loc":{"start":{"line":128,"column":14},"end":{"line":129,"column":77}},"type":"if","locations":[{"start":{"line":128,"column":14},"end":{"line":129,"column":77}},{"start":{},"end":{}}],"line":128},"10":{"loc":{"start":{"line":128,"column":18},"end":{"line":128,"column":78}},"type":"binary-expr","locations":[{"start":{"line":128,"column":18},"end":{"line":128,"column":35}},{"start":{"line":128,"column":39},"end":{"line":128,"column":78}}],"line":128},"11":{"loc":{"start":{"line":132,"column":16},"end":{"line":132,"column":84}},"type":"if","locations":[{"start":{"line":132,"column":16},"end":{"line":132,"column":84}},{"start":{},"end":{}}],"line":132},"12":{"loc":{"start":{"line":177,"column":14},"end":{"line":178,"column":92}},"type":"if","locations":[{"start":{"line":177,"column":14},"end":{"line":178,"column":92}},{"start":{},"end":{}}],"line":177},"13":{"loc":{"start":{"line":177,"column":18},"end":{"line":177,"column":54}},"type":"binary-expr","locations":[{"start":{"line":177,"column":18},"end":{"line":177,"column":35}},{"start":{"line":177,"column":39},"end":{"line":177,"column":54}}],"line":177},"14":{"loc":{"start":{"line":199,"column":32},"end":{"line":199,"column":69}},"type":"binary-expr","locations":[{"start":{"line":199,"column":32},"end":{"line":199,"column":49}},{"start":{"line":199,"column":53},"end":{"line":199,"column":69}}],"line":199},"15":{"loc":{"start":{"line":202,"column":42},"end":{"line":202,"column":83}},"type":"binary-expr","locations":[{"start":{"line":202,"column":42},"end":{"line":202,"column":59}},{"start":{"line":202,"column":63},"end":{"line":202,"column":83}}],"line":202},"16":{"loc":{"start":{"line":203,"column":15},"end":{"line":203,"column":70}},"type":"cond-expr","locations":[{"start":{"line":203,"column":40},"end":{"line":203,"column":54}},{"start":{"line":203,"column":57},"end":{"line":203,"column":70}}],"line":203},"17":{"loc":{"start":{"line":209,"column":7},"end":{"line":209,"column":85}},"type":"cond-expr","locations":[{"start":{"line":209,"column":38},"end":{"line":209,"column":61}},{"start":{"line":209,"column":64},"end":{"line":209,"column":85}}],"line":209}},"s":{"0":1,"1":1,"2":21,"3":21,"4":21,"5":21,"6":21,"7":21,"8":0,"9":0,"10":21,"11":0,"12":0,"13":0,"14":0,"15":0,"16":0,"17":0,"18":0,"19":0,"20":0,"21":0,"22":21,"23":0,"24":0,"25":0,"26":0,"27":0,"28":21,"29":21,"30":42,"31":2,"32":21,"33":56,"34":5,"35":4,"36":4,"37":4,"38":21,"39":14,"40":1,"41":1,"42":0,"43":56,"44":1,"45":0,"46":1,"47":0,"48":0,"49":0,"50":0,"51":0,"52":21,"53":7,"54":35,"55":1,"56":1,"57":1,"58":0,"59":21,"60":42,"61":5},"f":{"0":21,"1":0,"2":0,"3":0,"4":0,"5":21,"6":42,"7":2,"8":56,"9":5,"10":14,"11":1,"12":56,"13":1,"14":0,"15":0,"16":7,"17":35,"18":1,"19":1,"20":42,"21":5},"b":{"0":[0,0],"1":[0,0],"2":[0,0],"3":[0,0],"4":[42,7],"5":[42,7],"6":[4,1],"7":[1,0],"8":[1,0],"9":[1,0],"10":[1,0],"11":[0,0],"12":[1,0],"13":[1,0],"14":[42,21],"15":[42,21],"16":[21,21],"17":[14,7]},"_coverageSchema":"1a1c01bbd47fc00a2c39e90264f33305004495a9","hash":"9d01654b6dc482f58c155dd824488273fb1464c0"}
,"/home/satvik/Desktop/Code/Appdev/postgretest/scrc-messenger/lib/supabase.js": {"path":"/home/satvik/Desktop/Code/Appdev/postgretest/scrc-messenger/lib/supabase.js","statementMap":{"0":{"start":{"line":4,"column":21},"end":{"line":4,"column":63}},"1":{"start":{"line":6,"column":24},"end":{"line":6,"column":234}},"2":{"start":{"line":9,"column":24},"end":{"line":9,"column":66}}},"fnMap":{},"branchMap":{},"s":{"0":1,"1":1,"2":1},"f":{},"b":{},"_coverageSchema":"1a1c01bbd47fc00a2c39e90264f33305004495a9","hash":"6b80c9652f460bd239895490558e7cd7cffdfce1"}
,"/home/satvik/Desktop/Code/Appdev/postgretest/scrc-messenger/styles/admin.js": {"path":"/home/satvik/Desktop/Code/Appdev/postgretest/scrc-messenger/styles/admin.js","statementMap":{"0":{"start":{"line":3,"column":15},"end":{"line":55,"column":2}}},"fnMap":{},"branchMap":{},"s":{"0":1},"f":{},"b":{},"_coverageSchema":"1a1c01bbd47fc00a2c39e90264f33305004495a9","hash":"271bb6666a6042cab592523e4dd3516cc6e87daf"}
,"/home/satvik/Desktop/Code/Appdev/postgretest/scrc-messenger/styles/home.js": {"path":"/home/satvik/Desktop/Code/Appdev/postgretest/scrc-messenger/styles/home.js","statementMap":{"0":{"start":{"line":3,"column":15},"end":{"line":182,"column":2}}},"fnMap":{},"branchMap":{},"s":{"0":1},"f":{},"b":{},"_coverageSchema":"1a1c01bbd47fc00a2c39e90264f33305004495a9","hash":"f7a694499bc6d698e200ab56234678ff530677a4"}
,"/home/satvik/Desktop/Code/Appdev/postgretest/scrc-messenger/styles/landing.js": {"path":"/home/satvik/Desktop/Code/Appdev/postgretest/scrc-messenger/styles/landing.js","statementMap":{"0":{"start":{"line":3,"column":15},"end":{"line":68,"column":2}}},"fnMap":{},"branchMap":{},"s":{"0":1},"f":{},"b":{},"_coverageSchema":"1a1c01bbd47fc00a2c39e90264f33305004495a9","hash":"91d73bf834f2c7d0fbed7cbe59390ff87a5e1b04"}
}
