TN:
SF:app/index.jsx
FN:11,Index
FN:28,(anonymous_1)
FN:30,(anonymous_2)
FN:46,(anonymous_3)
FN:52,(anonymous_4)
FN:95,(anonymous_5)
FN:138,(anonymous_6)
FN:166,(anonymous_7)
FN:177,(anonymous_8)
FNF:9
FNH:8
FNDA:18,Index
FNDA:4,(anonymous_1)
FNDA:4,(anonymous_2)
FNDA:7,(anonymous_3)
FNDA:2,(anonymous_4)
FNDA:1,(anonymous_5)
FNDA:13,(anonymous_6)
FNDA:0,(anonymous_7)
FNDA:3,(anonymous_8)
DA:12,18
DA:13,18
DA:14,18
DA:15,18
DA:16,18
DA:17,18
DA:18,18
DA:19,18
DA:20,18
DA:21,18
DA:28,18
DA:30,4
DA:31,4
DA:32,4
DA:33,4
DA:34,0
DA:35,0
DA:36,0
DA:39,0
DA:42,4
DA:46,18
DA:47,7
DA:48,7
DA:49,7
DA:52,18
DA:54,2
DA:55,0
DA:56,0
DA:59,2
DA:60,2
DA:62,2
DA:73,2
DA:75,2
DA:77,2
DA:78,2
DA:81,0
DA:82,0
DA:86,0
DA:87,0
DA:88,0
DA:91,2
DA:95,18
DA:97,1
DA:99,1
DA:100,1
DA:102,1
DA:104,1
DA:110,1
DA:117,0
DA:118,0
DA:119,0
DA:122,0
DA:123,0
DA:124,0
DA:126,0
DA:130,0
DA:131,0
DA:133,0
DA:138,18
DA:139,13
DA:140,5
DA:141,8
DA:142,8
DA:145,0
DA:149,18
DA:151,18
DA:166,0
DA:177,3
LF:68
LH:45
BRDA:33,0,0,0
BRDA:33,0,1,4
BRDA:54,1,0,0
BRDA:54,1,1,2
BRDA:54,2,0,2
BRDA:54,2,1,2
BRDA:75,3,0,2
BRDA:75,3,1,0
BRDA:81,4,0,0
BRDA:81,4,1,0
BRDA:97,5,0,0
BRDA:97,5,1,1
BRDA:97,6,0,1
BRDA:97,6,1,1
BRDA:97,6,2,1
BRDA:97,6,3,1
BRDA:117,7,0,0
BRDA:117,7,1,0
BRDA:139,8,0,5
BRDA:139,8,1,8
BRDA:141,9,0,8
BRDA:141,9,1,0
BRDA:141,10,0,8
BRDA:141,10,1,0
BRDA:149,11,0,18
BRDA:149,11,1,15
BRDA:149,11,2,5
BRDA:149,11,3,4
BRDA:168,12,0,13
BRDA:168,12,1,5
BRDA:169,13,0,13
BRDA:169,13,1,5
BRDA:188,14,0,18
BRDA:188,14,1,13
BRDA:199,15,0,3
BRDA:199,15,1,10
BRDA:201,16,0,13
BRDA:201,16,1,10
BRDA:201,16,2,4
BRDA:204,17,0,0
BRDA:204,17,1,13
BRDA:206,18,0,3
BRDA:206,18,1,10
BRDA:214,19,0,3
BRDA:214,19,1,15
BRF:45
BRH:34
end_of_record
TN:
SF:app/(home)/admin.jsx
FN:6,(anonymous_0)
FN:10,(anonymous_1)
FN:57,(anonymous_2)
FNF:3
FNH:3
FNDA:11,(anonymous_0)
FNDA:3,(anonymous_1)
FNDA:1,(anonymous_2)
DA:6,1
DA:7,11
DA:8,11
DA:10,11
DA:11,3
DA:12,3
DA:13,3
DA:15,3
DA:16,3
DA:17,24
DA:19,3
DA:22,3
DA:26,3
DA:27,0
DA:29,3
DA:32,3
DA:35,11
DA:57,1
LF:18
LH:17
BRDA:26,0,0,0
BRDA:26,0,1,3
BRDA:40,1,0,11
BRDA:40,1,1,3
BRDA:44,2,0,3
BRDA:44,2,1,8
BRDA:51,3,0,6
BRDA:51,3,1,5
BRDA:56,4,0,11
BRDA:56,4,1,5
BRF:10
BRH:9
end_of_record
TN:
SF:app/(home)/index.jsx
FN:13,Index
FN:28,(anonymous_1)
FN:29,(anonymous_2)
FN:46,(anonymous_3)
FN:47,(anonymous_4)
FN:65,(anonymous_5)
FN:68,(anonymous_6)
FN:82,(anonymous_7)
FN:96,(anonymous_8)
FN:103,(anonymous_9)
FN:108,(anonymous_10)
FN:115,(anonymous_11)
FN:124,(anonymous_12)
FN:133,(anonymous_13)
FN:146,(anonymous_14)
FN:152,(anonymous_15)
FN:159,(anonymous_16)
FN:179,(anonymous_17)
FN:232,(anonymous_18)
FN:242,(anonymous_19)
FN:267,(anonymous_20)
FN:270,(anonymous_21)
FN:277,(anonymous_22)
FN:285,(anonymous_23)
FN:300,(anonymous_24)
FN:324,(anonymous_25)
FN:348,(anonymous_26)
FN:371,(anonymous_27)
FN:395,(anonymous_28)
FN:402,(anonymous_29)
FNF:30
FNH:28
FNDA:114,Index
FNDA:40,(anonymous_1)
FNDA:40,(anonymous_2)
FNDA:40,(anonymous_3)
FNDA:36,(anonymous_4)
FNDA:40,(anonymous_5)
FNDA:36,(anonymous_6)
FNDA:40,(anonymous_7)
FNDA:1,(anonymous_8)
FNDA:36,(anonymous_9)
FNDA:36,(anonymous_10)
FNDA:5,(anonymous_11)
FNDA:1,(anonymous_12)
FNDA:2,(anonymous_13)
FNDA:10,(anonymous_14)
FNDA:8,(anonymous_15)
FNDA:3,(anonymous_16)
FNDA:5,(anonymous_17)
FNDA:2,(anonymous_18)
FNDA:117,(anonymous_19)
FNDA:7,(anonymous_20)
FNDA:1,(anonymous_21)
FNDA:177,(anonymous_22)
FNDA:10,(anonymous_23)
FNDA:117,(anonymous_24)
FNDA:0,(anonymous_25)
FNDA:1,(anonymous_26)
FNDA:0,(anonymous_27)
FNDA:1,(anonymous_28)
FNDA:3,(anonymous_29)
DA:9,1
DA:11,1
DA:14,114
DA:15,114
DA:16,114
DA:17,114
DA:20,114
DA:21,114
DA:22,114
DA:23,114
DA:24,114
DA:25,114
DA:28,114
DA:29,40
DA:30,40
DA:31,4
DA:32,4
DA:33,3
DA:34,3
DA:35,3
DA:38,1
DA:42,40
DA:46,114
DA:47,40
DA:48,36
DA:49,36
DA:50,35
DA:51,35
DA:52,35
DA:55,1
DA:59,40
DA:60,36
DA:65,114
DA:66,40
DA:68,36
DA:69,36
DA:70,36
DA:74,35
DA:76,1
DA:80,36
DA:82,114
DA:83,40
DA:84,36
DA:86,36
DA:97,1
DA:98,1
DA:99,1
DA:104,36
DA:105,36
DA:108,36
DA:109,36
DA:110,36
DA:115,114
DA:116,5
DA:117,5
DA:118,5
DA:120,0
DA:124,114
DA:125,1
DA:126,1
DA:127,1
DA:129,1
DA:130,1
DA:133,1
DA:134,2
DA:138,1
DA:139,1
DA:142,0
DA:146,114
DA:147,10
DA:148,10
DA:149,10
DA:152,114
DA:153,8
DA:154,8
DA:155,8
DA:159,114
DA:160,3
DA:161,3
DA:162,3
DA:167,2
DA:168,2
DA:169,2
DA:171,1
DA:172,1
DA:174,3
DA:179,114
DA:180,5
DA:182,5
DA:184,5
DA:185,5
DA:186,5
DA:197,4
DA:198,0
DA:201,4
DA:204,4
DA:216,4
DA:217,4
DA:218,4
DA:220,4
DA:221,4
DA:222,4
DA:224,1
DA:225,1
DA:227,5
DA:232,114
DA:233,2
DA:234,2
DA:235,1
DA:237,1
DA:242,114
DA:243,117
DA:244,58
DA:245,58
DA:246,1
DA:250,114
DA:251,4
DA:258,110
DA:267,7
DA:270,1
DA:278,177
DA:285,10
DA:301,117
DA:324,0
DA:348,1
DA:371,0
DA:395,1
DA:402,3
LF:128
LH:123
BRDA:30,0,0,4
BRDA:30,0,1,36
BRDA:33,1,0,3
BRDA:33,1,1,0
BRDA:50,2,0,35
BRDA:50,2,1,0
BRDA:59,3,0,36
BRDA:59,3,1,4
BRDA:66,4,0,4
BRDA:66,4,1,36
BRDA:74,5,0,35
BRDA:74,5,1,0
BRDA:83,6,0,4
BRDA:83,6,1,36
BRDA:97,7,0,1
BRDA:97,7,1,0
BRDA:104,8,0,0
BRDA:104,8,1,36
BRDA:129,9,0,1
BRDA:129,9,1,0
BRDA:134,10,0,1
BRDA:134,10,1,1
BRDA:180,11,0,0
BRDA:180,11,1,5
BRDA:180,12,0,5
BRDA:180,12,1,5
BRDA:182,13,0,5
BRDA:182,13,1,1
BRDA:197,14,0,0
BRDA:197,14,1,4
BRDA:243,15,0,58
BRDA:243,15,1,58
BRDA:243,15,2,1
BRDA:250,16,0,4
BRDA:250,16,1,110
BRDA:273,17,0,51
BRDA:273,17,1,59
BRDA:292,18,0,110
BRDA:292,18,1,58
BRDA:354,19,0,110
BRDA:354,19,1,8
BRDA:401,20,0,110
BRDA:401,20,1,8
BRF:43
BRH:35
end_of_record
TN:
SF:app/(home)/messenger.jsx
FN:9,(anonymous_0)
FN:16,(anonymous_1)
FN:16,(anonymous_2)
FN:18,(anonymous_3)
FN:41,(anonymous_4)
FN:50,(anonymous_5)
FN:53,(anonymous_6)
FN:60,(anonymous_7)
FN:75,(anonymous_8)
FN:81,(anonymous_9)
FN:92,(anonymous_10)
FN:111,(anonymous_11)
FN:123,(anonymous_12)
FN:127,(anonymous_13)
FN:128,(anonymous_14)
FN:131,(anonymous_15)
FN:144,(anonymous_16)
FN:163,(anonymous_17)
FN:167,(anonymous_18)
FN:176,(anonymous_19)
FN:196,(anonymous_20)
FN:200,(anonymous_21)
FNF:22
FNH:16
FNDA:21,(anonymous_0)
FNDA:0,(anonymous_1)
FNDA:0,(anonymous_2)
FNDA:0,(anonymous_3)
FNDA:0,(anonymous_4)
FNDA:21,(anonymous_5)
FNDA:42,(anonymous_6)
FNDA:2,(anonymous_7)
FNDA:56,(anonymous_8)
FNDA:5,(anonymous_9)
FNDA:14,(anonymous_10)
FNDA:1,(anonymous_11)
FNDA:56,(anonymous_12)
FNDA:1,(anonymous_13)
FNDA:0,(anonymous_14)
FNDA:0,(anonymous_15)
FNDA:7,(anonymous_16)
FNDA:35,(anonymous_17)
FNDA:1,(anonymous_18)
FNDA:1,(anonymous_19)
FNDA:42,(anonymous_20)
FNDA:5,(anonymous_21)
DA:7,1
DA:9,1
DA:10,21
DA:11,21
DA:12,21
DA:13,21
DA:14,21
DA:16,21
DA:18,21
DA:19,0
DA:20,0
DA:22,0
DA:23,0
DA:29,0
DA:30,0
DA:31,0
DA:33,0
DA:36,0
DA:37,0
DA:41,21
DA:42,0
DA:43,0
DA:44,0
DA:45,0
DA:46,0
DA:50,21
DA:51,21
DA:54,42
DA:60,2
DA:75,21
DA:76,56
DA:82,5
DA:83,4
DA:84,4
DA:85,4
DA:92,21
DA:93,14
DA:112,1
DA:113,1
DA:114,0
DA:123,56
DA:128,1
DA:129,1
DA:130,0
DA:131,0
DA:132,0
DA:134,0
DA:144,21
DA:145,7
DA:164,35
DA:167,1
DA:177,1
DA:178,1
DA:179,0
DA:189,21
DA:197,42
DA:200,5
LF:57
LH:36
BRDA:20,0,0,0
BRDA:20,0,1,0
BRDA:29,1,0,0
BRDA:29,1,1,0
BRDA:42,2,0,0
BRDA:42,2,1,0
BRDA:45,3,0,0
BRDA:45,3,1,0
BRDA:58,4,0,42
BRDA:58,4,1,7
BRDA:65,5,0,42
BRDA:65,5,1,7
BRDA:82,6,0,4
BRDA:82,6,1,1
BRDA:112,7,0,1
BRDA:112,7,1,0
BRDA:112,8,0,1
BRDA:112,8,1,0
BRDA:128,9,0,1
BRDA:128,9,1,0
BRDA:128,10,0,1
BRDA:128,10,1,0
BRDA:132,11,0,0
BRDA:132,11,1,0
BRDA:177,12,0,1
BRDA:177,12,1,0
BRDA:177,13,0,1
BRDA:177,13,1,0
BRDA:199,14,0,42
BRDA:199,14,1,21
BRDA:202,15,0,42
BRDA:202,15,1,21
BRDA:203,16,0,21
BRDA:203,16,1,21
BRDA:209,17,0,14
BRDA:209,17,1,7
BRF:36
BRH:20
end_of_record
TN:
SF:lib/supabase.js
FNF:0
FNH:0
DA:4,1
DA:6,1
DA:9,1
LF:3
LH:3
BRF:0
BRH:0
end_of_record
TN:
SF:styles/admin.js
FNF:0
FNH:0
DA:3,1
LF:1
LH:1
BRF:0
BRH:0
end_of_record
TN:
SF:styles/home.js
FNF:0
FNH:0
DA:3,1
LF:1
LH:1
BRF:0
BRH:0
end_of_record
TN:
SF:styles/landing.js
FNF:0
FNH:0
DA:3,1
LF:1
LH:1
BRF:0
BRH:0
end_of_record
